Using TensorFlow backend.

Configurations:
BACKBONE                       resnet50
BACKBONE_STRIDES               [4, 8, 16, 32, 64]
BATCH_SIZE                     1
BBOX_STD_DEV                   [0.1 0.1 0.2 0.2]
COMPUTE_BACKBONE_SHAPE         None
DETECTION_MAX_INSTANCES        400
DETECTION_MIN_CONFIDENCE       0
DETECTION_NMS_THRESHOLD        0.3
FPN_CLASSIF_FC_LAYERS_SIZE     1024
GPU_COUNT                      1
GRADIENT_CLIP_NORM             5.0
IMAGES_PER_GPU                 1
IMAGE_CHANNEL_COUNT            3
IMAGE_MAX_DIM                  256
IMAGE_META_SIZE                15
IMAGE_MIN_DIM                  256
IMAGE_MIN_SCALE                2.0
IMAGE_RESIZE_MODE              pad64
IMAGE_SHAPE                    [256 256   3]
LEARNING_MOMENTUM              0.9
LEARNING_RATE                  0.001
LOSS_WEIGHTS                   {'rpn_class_loss': 1.0, 'rpn_bbox_loss': 1.0, 'mrcnn_class_loss': 1.0, 'mrcnn_bbox_loss': 1.0, 'mrcnn_mask_loss': 1.0}
MASK_POOL_SIZE                 14
MASK_SHAPE                     [28, 28]
MAX_GT_INSTANCES               200
MEAN_PIXEL                     [43.53 39.56 48.22]
MINI_MASK_SHAPE                (56, 56)
NAME                           dataset
NUM_CLASSES                    3
POOL_SIZE                      7
POST_NMS_ROIS_INFERENCE        2000
POST_NMS_ROIS_TRAINING         1000
PRE_NMS_LIMIT                  6000
ROI_POSITIVE_RATIO             0.33
RPN_ANCHOR_RATIOS              [0.5, 1, 2]
RPN_ANCHOR_SCALES              (8, 16, 32, 64, 128)
RPN_ANCHOR_STRIDE              1
RPN_BBOX_STD_DEV               [0.1 0.1 0.2 0.2]
RPN_NMS_THRESHOLD              0.7
RPN_TRAIN_ANCHORS_PER_IMAGE    64
STEPS_PER_EPOCH                649
TOP_DOWN_PYRAMID_SIZE          256
TRAIN_BN                       False
TRAIN_ROIS_PER_IMAGE           128
USE_MINI_MASK                  True
USE_RPN_ROIS                   True
VALIDATION_STEPS               8
WEIGHT_DECAY                   0.0001


loading data from  H:\2019Teddy\Mask_RCNN-master\./Detecting Tumor/dataset/val
Images: 8
Classes: ['BG', 'Positive', 'Negative']
WARNING:tensorflow:From E:\easypas\crawer\Mask_RCNN-master\lib\site-packages\tensorflow\python\ops\sparse_ops.py:1165: sparse_to_dense (from tensorflow.python.ops.sparse_ops) is deprecated and will be removed in a future version.
Instructions for updating:
Create a `tf.sparse.SparseTensor` and use `tf.sparse.to_dense` instead.
Loading weights  ./model/dataset20190417T1119/mask_rcnn_dataset_0040.h5
2019-04-20 10:12:56.437204: I tensorflow/core/platform/cpu_feature_guard.cc:141] Your CPU supports instructions that this TensorFlow binary was not compiled to use: AVX2
2019-04-20 10:12:57.255632: I tensorflow/core/common_runtime/gpu/gpu_device.cc:1432] Found device 0 with properties: 
name: GeForce GTX 960M major: 5 minor: 0 memoryClockRate(GHz): 1.176
pciBusID: 0000:01:00.0
totalMemory: 2.00GiB freeMemory: 1.65GiB
2019-04-20 10:12:57.260878: I tensorflow/core/common_runtime/gpu/gpu_device.cc:1511] Adding visible gpu devices: 0
2019-04-20 10:13:00.113816: I tensorflow/core/common_runtime/gpu/gpu_device.cc:982] Device interconnect StreamExecutor with strength 1 edge matrix:
2019-04-20 10:13:00.114432: I tensorflow/core/common_runtime/gpu/gpu_device.cc:988]      0 
2019-04-20 10:13:00.114802: I tensorflow/core/common_runtime/gpu/gpu_device.cc:1001] 0:   N 
2019-04-20 10:13:00.157397: I tensorflow/core/common_runtime/gpu/gpu_device.cc:1115] Created TensorFlow device (/job:localhost/replica:0/task:0/device:GPU:0 with 1399 MB memory) -> physical GPU (device: 0, name: GeForce GTX 960M, pci bus id: 0000:01:00.0, compute capability: 5.0)
Re-starting from epoch 40
image ID: tumor.3 (3) 3
Original image shape:  [512 512   3]
Processing 1 images
image                    shape: (1024, 1024, 3)       min: -3024.00000  max: 1168.50000  float32
molded_images            shape: (1, 1024, 1024, 3)    min: -3024.00000  max: 1168.50000  float32
image_metas              shape: (1, 15)               min:    0.00000  max: 1024.00000  float64
anchors                  shape: (1, 261888, 4)        min:   -0.08847  max:    1.02591  float32
2019-04-20 10:13:14.705895: W tensorflow/core/framework/allocator.cc:122] Allocation of 321126400 exceeds 10% of system memory.
gt_class_id              shape: (1,)                  min:    1.00000  max:    1.00000  int32
gt_bbox                  shape: (1, 4)                min:  460.00000  max:  748.00000  int32
gt_mask                  shape: (1024, 1024, 1)       min:    0.00000  max:    1.00000  bool
AP @0.50:	 0.000
AP @0.55:	 0.000
AP @0.60:	 0.000
AP @0.65:	 0.000
AP @0.70:	 0.000
AP @0.75:	 0.000
AP @0.80:	 0.000
AP @0.85:	 0.000
AP @0.90:	 0.000
AP @0.95:	 0.000
AP @0.50-0.95:	 0.000
2019-04-20 10:13:28.861315: W tensorflow/core/framework/allocator.cc:122] Allocation of 321126400 exceeds 10% of system memory.
  0 [512 512   3]   AP: 0.00
2019-04-20 10:13:41.943090: W tensorflow/core/framework/allocator.cc:122] Allocation of 321126400 exceeds 10% of system memory.
  1 [512 512   3]   AP: 0.00
2019-04-20 10:13:54.587153: W tensorflow/core/framework/allocator.cc:122] Allocation of 321126400 exceeds 10% of system memory.
  2 [512 512   3]   AP: 0.00
2019-04-20 10:14:07.541582: W tensorflow/core/framework/allocator.cc:122] Allocation of 321126400 exceeds 10% of system memory.
  3 [512 512   3]   AP: 0.00
  4 [512 512   3]   AP: 0.00
Mean AP overa 5 images: 0.0000
anchors                  shape: (261888, 4)           min:  -91.00000  max: 1051.00000  int32
target_rpn_match         shape: (261888,)             min:   -1.00000  max:    1.00000  int32
target_rpn_bbox          shape: (64, 4)               min:   -1.43841  max:    0.07812  float64
positive_anchors         shape: (1, 4)                min:  448.00000  max:  768.00000  int32
negative_anchors         shape: (63, 4)               min:   -2.00000  max: 1026.00000  int32
neutral anchors          shape: (261824, 4)           min:  -91.00000  max: 1051.00000  int32
refined_anchors          shape: (1, 4)                min:  460.00000  max:  748.00000  float32
rpn_class                shape: (1, 261888, 2)        min:    0.00000  max:    1.00000  float32
pre_nms_anchors          shape: (1, 6000, 4)          min:   -0.08847  max:    1.02591  float32
refined_anchors          shape: (1, 6000, 4)          min:   -0.27989  max:    1.65849  float32
refined_anchors_clipped  shape: (1, 6000, 4)          min:    0.00000  max:    1.00000  float32
post_nms_anchor_ix       shape: (2000,)               min:    0.00000  max: 2394.00000  int32
proposals                shape: (1, 2000, 4)          min:    0.00000  max:    1.00000  float32
proposals                shape: (1, 2000, 4)          min:    0.00000  max:    1.00000  float32
probs                    shape: (1, 2000, 3)          min:    0.00000  max:    1.00000  float32
deltas                   shape: (1, 2000, 3, 4)       min:   -3.56674  max:    5.95017  float32
masks                    shape: (1, 400, 28, 28, 3)   min:    0.00110  max:    0.99749  float32
detections               shape: (1, 400, 6)           min:    0.00000  max:    2.00000  float32
8 detections: ['Negative' 'Positive' 'Negative' 'Negative' 'Negative' 'Negative'
 'Negative' 'Negative']
2000 Valid proposals out of 2000
41 Positive ROIs
[('BG', 1959), ('Negative', 35), ('Positive', 6)]
roi_bbox_specific        shape: (2000, 4)             min:   -3.56674  max:    3.93046  float32
refined_proposals        shape: (2000, 4)             min:   -0.01461  max:    1.02661  float32
Keep 41 detections:
[   0    1    2    3    5    6    7    9   10   11   13   19   26   27
   37   42   50   55   56   66   67   72   77   84   89   93   95   96
  114  127  132  172  205  254  259  295  366  590 1675 1720 1856]
Remove boxes below 0 confidence. Keep 41:
[   0    1    2    3    5    6    7    9   10   11   13   19   26   27
   37   42   50   55   56   66   67   72   77   84   89   93   95   96
  114  127  132  172  205  254  259  295  366  590 1675 1720 1856]
Positive              : [  10   56   77   93  254 1856] -> [77]
Negative              : [   0    1    2    3    5    6    7    9   11   13   19   26   27   37
   42   50   55   66   67   72   84   89   95   96  114  127  132  172
  205  259  295  366  590 1675 1720] -> [ 27  66 205 366   1  55   2]

Kept after per-class NMS: 8
[  1   2  27  55  66  77 205 366]
detections               shape: (1, 400, 6)           min:    0.00000  max:    2.00000  float32
masks                    shape: (1, 400, 28, 28, 3)   min:    0.00110  max:    0.99749  float32
8 detections: ['Negative' 'Negative' 'Negative' 'Positive' 'Negative' 'Negative'
 'Negative' 'Negative']
det_mask_specific        shape: (8, 28, 28)           min:    0.00133  max:    0.99728  float32
det_masks                shape: (8, 1024, 1024)       min:    0.00000  max:    1.00000  bool
input_image              shape: (1, 2048, 2048, 3)    min: -3072.21997  max: 1126.50244  float32
res2c_out                shape: (1, 512, 512, 256)    min:    0.00000  max:  168.29573  float32
res3c_out                shape: (1, 256, 256, 512)    min:    0.00000  max:  109.50804  float32
rpn_bbox                 shape: (1, 1047552, 4)       min:  -30.98740  max:  120.26194  float32
roi                      shape: (1, 2000, 4)          min:    0.00000  max:    1.00000  float32
